0 info it worked if it ends with ok
1 verbose cli [ '/usr/local/bin/node', '/usr/local/bin/npm', 'run', 'start' ]
2 info using npm@3.10.10
3 info using node@v5.10.0
4 verbose run-script [ 'prestart', 'start', 'poststart' ]
5 info lifecycle pwa-starter-kit@0.8.0~prestart: pwa-starter-kit@0.8.0
6 silly lifecycle pwa-starter-kit@0.8.0~prestart: no script for prestart, continuing
7 info lifecycle pwa-starter-kit@0.8.0~start: pwa-starter-kit@0.8.0
8 verbose lifecycle pwa-starter-kit@0.8.0~start: unsafe-perm in lifecycle true
9 verbose lifecycle pwa-starter-kit@0.8.0~start: PATH: /usr/local/lib/node_modules/npm/bin/node-gyp-bin:/Users/Chad/Documents/WebDevelopment/Oakenfold_Enterprises_Ltd/Projects/Oakenfold.ca/Code/node_modules/.bin:/usr/local/bin:/usr/local/opt/openssl/bin:/Library/Frameworks/Python.framework/Versions/2.7/bin:/Users/Chad/.rvm/gems/ruby-2.3.1/bin:/Users/Chad/.rvm/gems/ruby-2.3.1@global/bin:/Users/Chad/.rvm/rubies/ruby-2.3.1/bin:/Users/Chad/.node/bin:/usr/local/sbin:/usr/local/bin:/usr/local/bin:/usr/bin:/bin:/usr/sbin:/sbin:/opt/X11/bin:/Users/Chad/.rvm/bin
10 verbose lifecycle pwa-starter-kit@0.8.0~start: CWD: /Users/Chad/Documents/WebDevelopment/Oakenfold_Enterprises_Ltd/Projects/Oakenfold.ca/Code
11 silly lifecycle pwa-starter-kit@0.8.0~start: Args: [ '-c', 'polymer serve' ]
12 silly lifecycle pwa-starter-kit@0.8.0~start: Returned: code: 1  signal: null
13 info lifecycle pwa-starter-kit@0.8.0~start: Failed to exec start script
14 verbose stack Error: pwa-starter-kit@0.8.0 start: `polymer serve`
14 verbose stack Exit status 1
14 verbose stack     at EventEmitter.<anonymous> (/usr/local/lib/node_modules/npm/lib/utils/lifecycle.js:255:16)
14 verbose stack     at emitTwo (events.js:100:13)
14 verbose stack     at EventEmitter.emit (events.js:185:7)
14 verbose stack     at ChildProcess.<anonymous> (/usr/local/lib/node_modules/npm/lib/utils/spawn.js:40:14)
14 verbose stack     at emitTwo (events.js:100:13)
14 verbose stack     at ChildProcess.emit (events.js:185:7)
14 verbose stack     at maybeClose (internal/child_process.js:850:16)
14 verbose stack     at Process.ChildProcess._handle.onexit (internal/child_process.js:215:5)
15 verbose pkgid pwa-starter-kit@0.8.0
16 verbose cwd /Users/Chad/Documents/WebDevelopment/Oakenfold_Enterprises_Ltd/Projects/Oakenfold.ca/Code
17 error Darwin 15.6.0
18 error argv "/usr/local/bin/node" "/usr/local/bin/npm" "run" "start"
19 error node v5.10.0
20 error npm  v3.10.10
21 error code ELIFECYCLE
22 error pwa-starter-kit@0.8.0 start: `polymer serve`
22 error Exit status 1
23 error Failed at the pwa-starter-kit@0.8.0 start script 'polymer serve'.
23 error Make sure you have the latest version of node.js and npm installed.
23 error If you do, this is most likely a problem with the pwa-starter-kit package,
23 error not with npm itself.
23 error Tell the author that this fails on your system:
23 error     polymer serve
23 error You can get information on how to open an issue for this project with:
23 error     npm bugs pwa-starter-kit
23 error Or if that isn't available, you can get their info via:
23 error     npm owner ls pwa-starter-kit
23 error There is likely additional logging output above.
24 verbose exit [ 1, true ]
